[debug] [2023-08-03T14:44:37.321Z] ----------------------------------------------------------------------
[debug] [2023-08-03T14:44:37.323Z] Command:       C:\Program Files\nodejs\node.exe C:\Users\David.Ortega\AppData\Roaming\npm\node_modules\firebase-tools\lib\bin\firebase.js init
[debug] [2023-08-03T14:44:37.324Z] CLI Version:   12.4.7
[debug] [2023-08-03T14:44:37.324Z] Platform:      win32
[debug] [2023-08-03T14:44:37.324Z] Node Version:  v16.15.1
[debug] [2023-08-03T14:44:37.325Z] Time:          Thu Aug 03 2023 09:44:37 GMT-0500 (hora de Ecuador)
[debug] [2023-08-03T14:44:37.325Z] ----------------------------------------------------------------------
[debug] 
[debug] [2023-08-03T14:44:37.332Z] > command requires scopes: ["email","openid","https://www.googleapis.com/auth/cloudplatformprojects.readonly","https://www.googleapis.com/auth/firebase","https://www.googleapis.com/auth/cloud-platform"]
[debug] [2023-08-03T14:44:37.333Z] > authorizing via signed-in user (sonyzve10guia@gmail.com)
[info] 
     ######## #### ########  ######## ########     ###     ######  ########
     ##        ##  ##     ## ##       ##     ##  ##   ##  ##       ##
     ######    ##  ########  ######   ########  #########  ######  ######
     ##        ##  ##    ##  ##       ##     ## ##     ##       ## ##
     ##       #### ##     ## ######## ########  ##     ##  ######  ########

You're about to initialize a Firebase project in this directory:

  C:\DavidEjemplos\siteFirebase

Before we get started, keep in mind:

  * You are currently outside your home directory

[info] 
=== Project Setup
[info] 
[info] First, let's associate this project directory with a Firebase project.
[info] You can create multiple project aliases by running firebase use --add, 
[info] but for now we'll just set up a default project.
[info] 
[debug] [2023-08-03T14:45:35.903Z] >>> [apiv2][query] GET https://firebase.googleapis.com/v1beta1/projects pageSize=100
[debug] [2023-08-03T14:45:36.941Z] <<< [apiv2][status] GET https://firebase.googleapis.com/v1beta1/projects 200
[debug] [2023-08-03T14:45:36.942Z] <<< [apiv2][body] GET https://firebase.googleapis.com/v1beta1/projects [omitted]
[info] i  Using project sonyzve10blog (sonyzve10blog) 
[info] 
=== Hosting Setup
[info] 
[info] Your public directory is the folder (relative to your project directory) that
[info] will contain Hosting assets to be uploaded with firebase deploy. If you
[info] have a build process for your assets, use your build's output directory.
[info] 
[debug] [2023-08-03T14:45:52.939Z] >>> [apiv2][query] GET https://www.gstatic.com/firebasejs/releases.json [none]
[debug] [2023-08-03T14:45:53.311Z] <<< [apiv2][status] GET https://www.gstatic.com/firebasejs/releases.json 200
[debug] [2023-08-03T14:45:53.311Z] <<< [apiv2][body] GET https://www.gstatic.com/firebasejs/releases.json {"current":{"version":"10.1.0","browserURL":"https://www.gstatic.com/firebasejs/10.1.0/firebase.js","packageURL":"https://www.gstatic.com/firebasejs/10.1.0/firebase.tgz"},"live":{"version":"10.1","browserURL":"https://www.gstatic.com/firebasejs/live/10.1/firebase.js","packageURL":"https://www.gstatic.com/firebasejs/live/10.1/firebase.tgz"},"components":{"analytics":"https://www.gstatic.com/firebasejs/10.1.0/firebase-analytics.js","app":"https://www.gstatic.com/firebasejs/10.1.0/firebase-app.js","app-check":"https://www.gstatic.com/firebasejs/10.1.0/firebase-app-check.js","auth":"https://www.gstatic.com/firebasejs/10.1.0/firebase-auth.js","auth/cordova":"https://www.gstatic.com/firebasejs/10.1.0/firebase-auth/cordova.js","functions":"https://www.gstatic.com/firebasejs/10.1.0/firebase-functions.js","firestore":"https://www.gstatic.com/firebasejs/10.1.0/firebase-firestore.js","firestore/lite":"https://www.gstatic.com/firebasejs/10.1.0/firebase-firestore/lite.js","installations":"https://www.gstatic.com/firebasejs/10.1.0/firebase-installations.js","storage":"https://www.gstatic.com/firebasejs/10.1.0/firebase-storage.js","performance":"https://www.gstatic.com/firebasejs/10.1.0/firebase-performance.js","remote-config":"https://www.gstatic.com/firebasejs/10.1.0/firebase-remote-config.js","messaging":"https://www.gstatic.com/firebasejs/10.1.0/firebase-messaging.js","messaging/sw":"https://www.gstatic.com/firebasejs/10.1.0/firebase-messaging/sw.js","database":"https://www.gstatic.com/firebasejs/10.1.0/firebase-database.js","firestore.memory":"https://www.gstatic.com/firebasejs/10.1.0/firebase-firestore.memory.js"}}
[info] +  Wrote public/index.html 
[info] 
[info] i  Didn't detect a .git folder. Assuming C:\DavidEjemplos\siteFirebase is the project root. 
[info] i  Authorizing with GitHub to upload your service account to a GitHub repository's secrets store. 
[info] 
[info] Visit this URL on this device to log in:
[info] https://github.com/login/oauth/authorize?client_id=89cf50f02ac6aaed3484&state=145168461&redirect_uri=http%3A%2F%2Flocalhost%3A9005&scope=read%3Auser%20repo%20public_repo
[info] 
[info] Waiting for authentication...
[debug] [2023-08-03T14:47:40.230Z] >>> [apiv2][query] POST https://github.com/login/oauth/access_token [none]
[debug] [2023-08-03T14:47:40.230Z] >>> [apiv2][body] POST https://github.com/login/oauth/access_token [stream]
[debug] [2023-08-03T14:47:40.629Z] <<< [apiv2][status] POST https://github.com/login/oauth/access_token 200
[debug] [2023-08-03T14:47:40.629Z] <<< [apiv2][body] POST https://github.com/login/oauth/access_token {"access_token":"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","token_type":"bearer","scope":"read:user,repo"}
[debug] [2023-08-03T14:47:40.634Z] >>> [apiv2][query] GET https://api.github.com/user [none]
[debug] [2023-08-03T14:47:41.208Z] <<< [apiv2][status] GET https://api.github.com/user 200
[debug] [2023-08-03T14:47:41.208Z] <<< [apiv2][body] GET https://api.github.com/user {"login":"sonyzve10guia","id":141344292,"node_id":"U_kgDOCGy-JA","avatar_url":"https://avatars.githubusercontent.com/u/141344292?v=4","gravatar_id":"","url":"https://api.github.com/users/sonyzve10guia","html_url":"https://github.com/sonyzve10guia","followers_url":"https://api.github.com/users/sonyzve10guia/followers","following_url":"https://api.github.com/users/sonyzve10guia/following{/other_user}","gists_url":"https://api.github.com/users/sonyzve10guia/gists{/gist_id}","starred_url":"https://api.github.com/users/sonyzve10guia/starred{/owner}{/repo}","subscriptions_url":"https://api.github.com/users/sonyzve10guia/subscriptions","organizations_url":"https://api.github.com/users/sonyzve10guia/orgs","repos_url":"https://api.github.com/users/sonyzve10guia/repos","events_url":"https://api.github.com/users/sonyzve10guia/events{/privacy}","received_events_url":"https://api.github.com/users/sonyzve10guia/received_events","type":"User","site_admin":false,"name":null,"company":null,"blog":"","location":null,"email":null,"hireable":null,"bio":null,"twitter_username":null,"public_repos":0,"public_gists":0,"followers":0,"following":0,"created_at":"2023-08-03T14:47:11Z","updated_at":"2023-08-03T14:47:11Z","private_gists":0,"total_private_repos":0,"owned_private_repos":0,"disk_usage":0,"collaborators":0,"two_factor_authentication":false,"plan":{"name":"free","space":976562499,"collaborators":0,"private_repos":10000}}
[info] 
[info] +  Success! Logged into GitHub as sonyzve10guia 
[info] 
[debug] [2023-08-03T14:48:43.228Z] >>> [apiv2][query] GET https://api.github.com/repos//actions/secrets/public-key type=owner
[debug] [2023-08-03T14:48:43.719Z] <<< [apiv2][status] GET https://api.github.com/repos//actions/secrets/public-key 404
[debug] [2023-08-03T14:48:43.719Z] <<< [apiv2][body] GET https://api.github.com/repos//actions/secrets/public-key {"message":"Not Found","documentation_url":"https://docs.github.com/rest"}
[info] 
[info] 
[error] !  The provided authorization cannot be used with this repository. If this repository is in an organization, did you remember to grant access? 
[info] 
[info] i  Action required: Visit this URL to ensure access has been granted to the appropriate organization(s) for the Firebase CLI GitHub OAuth App: 
[info] https://github.com/settings/connections/applications/89cf50f02ac6aaed3484
[info] 
